
C:\Users\etien\source\repos\FootPrint\x64\Debug\boost_filesystem-vc143-mt-gd-x64-1_83.dll
C:\Users\etien\source\repos\FootPrint\x64\Debug\pcl_commond.dll
C:\Users\etien\source\repos\FootPrint\x64\Debug\pcl_iod.dll
C:\Users\etien\source\repos\FootPrint\x64\Debug\boost_iostreams-vc143-mt-gd-x64-1_83.dll
C:\Users\etien\source\repos\FootPrint\x64\Debug\zlibd1.dll
C:\Users\etien\source\repos\FootPrint\x64\Debug\bz2d.dll
C:\Users\etien\source\repos\FootPrint\x64\Debug\liblzma.dll
C:\Users\etien\source\repos\FootPrint\x64\Debug\zstd.dll
C:\Users\etien\source\repos\FootPrint\x64\Debug\pcl_io_plyd.dll
C:\Users\etien\source\repos\FootPrint\x64\Debug\vtkIOGeometry-9.2d.dll
C:\Users\etien\source\repos\FootPrint\x64\Debug\vtkFiltersHybrid-9.2d.dll
C:\Users\etien\source\repos\FootPrint\x64\Debug\vtkImagingSources-9.2d.dll
C:\Users\etien\source\repos\FootPrint\x64\Debug\vtkImagingCore-9.2d.dll
C:\Users\etien\source\repos\FootPrint\x64\Debug\vtkCommonExecutionModel-9.2d.dll
C:\Users\etien\source\repos\FootPrint\x64\Debug\vtkCommonDataModel-9.2d.dll
C:\Users\etien\source\repos\FootPrint\x64\Debug\vtkCommonTransforms-9.2d.dll
C:\Users\etien\source\repos\FootPrint\x64\Debug\vtkCommonMath-9.2d.dll
C:\Users\etien\source\repos\FootPrint\x64\Debug\vtkCommonCore-9.2d.dll
C:\Users\etien\source\repos\FootPrint\x64\Debug\vtksys-9.2d.dll
C:\Users\etien\source\repos\FootPrint\x64\Debug\vtkloguru-9.2d.dll
C:\Users\etien\source\repos\FootPrint\x64\Debug\vtkkissfft-9.2d.dll
C:\Users\etien\source\repos\FootPrint\x64\Debug\vtkCommonMisc-9.2d.dll
C:\Users\etien\source\repos\FootPrint\x64\Debug\vtkCommonSystem-9.2d.dll
C:\Users\etien\source\repos\FootPrint\x64\Debug\pugixml.dll
C:\Users\etien\source\repos\FootPrint\x64\Debug\vtkRenderingCore-9.2d.dll
C:\Users\etien\source\repos\FootPrint\x64\Debug\vtkCommonColor-9.2d.dll
C:\Users\etien\source\repos\FootPrint\x64\Debug\vtkFiltersGeometry-9.2d.dll
C:\Users\etien\source\repos\FootPrint\x64\Debug\vtkFiltersCore-9.2d.dll
C:\Users\etien\source\repos\FootPrint\x64\Debug\vtkFiltersSources-9.2d.dll
C:\Users\etien\source\repos\FootPrint\x64\Debug\vtkFiltersGeneral-9.2d.dll
C:\Users\etien\source\repos\FootPrint\x64\Debug\vtkCommonComputationalGeometry-9.2d.dll
C:\Users\etien\source\repos\FootPrint\x64\Debug\fmtd.dll
C:\Users\etien\source\repos\FootPrint\x64\Debug\vtkIOImage-9.2d.dll
C:\Users\etien\source\repos\FootPrint\x64\Debug\vtkDICOMParser-9.2d.dll
C:\Users\etien\source\repos\FootPrint\x64\Debug\vtkmetaio-9.2d.dll
C:\Users\etien\source\repos\FootPrint\x64\Debug\jpeg62.dll
C:\Users\etien\source\repos\FootPrint\x64\Debug\libpng16d.dll
C:\Users\etien\source\repos\FootPrint\x64\Debug\tiffd.dll
C:\Users\etien\source\repos\FootPrint\x64\Debug\vtkIOCore-9.2d.dll
C:\Users\etien\source\repos\FootPrint\x64\Debug\double-conversion.dll
C:\Users\etien\source\repos\FootPrint\x64\Debug\lz4d.dll
C:\Users\etien\source\repos\FootPrint\x64\Debug\vtkIOPLY-9.2d.dll
C:\Users\etien\source\repos\FootPrint\x64\Debug\vtkIOLegacy-9.2d.dll
